[INFO] [2018-01-26 14:27:33][org.springframework.context.support.ClassPathXmlApplicationContext]Refreshing org.springframework.context.support.ClassPathXmlApplicationContext@65ae6ba4: startup date [Fri Jan 26 14:27:33 CST 2018]; root of context hierarchy
[INFO] [2018-01-26 14:27:33][org.springframework.beans.factory.xml.XmlBeanDefinitionReader]Loading XML bean definitions from class path resource [spring-config.xml]
[INFO] [2018-01-26 14:29:09][org.springframework.context.support.ClassPathXmlApplicationContext]Refreshing org.springframework.context.support.ClassPathXmlApplicationContext@65ae6ba4: startup date [Fri Jan 26 14:29:09 CST 2018]; root of context hierarchy
[INFO] [2018-01-26 14:29:09][org.springframework.beans.factory.xml.XmlBeanDefinitionReader]Loading XML bean definitions from class path resource [spring-config.xml]
[INFO] [2018-01-26 14:29:42][org.springframework.context.support.ClassPathXmlApplicationContext]Refreshing org.springframework.context.support.ClassPathXmlApplicationContext@65ae6ba4: startup date [Fri Jan 26 14:29:42 CST 2018]; root of context hierarchy
[INFO] [2018-01-26 14:29:42][org.springframework.beans.factory.xml.XmlBeanDefinitionReader]Loading XML bean definitions from class path resource [quartz-config.xml]
[INFO] [2018-01-26 14:32:04][org.springframework.context.support.ClassPathXmlApplicationContext]Refreshing org.springframework.context.support.ClassPathXmlApplicationContext@65ae6ba4: startup date [Fri Jan 26 14:32:04 CST 2018]; root of context hierarchy
[INFO] [2018-01-26 14:32:04][org.springframework.beans.factory.xml.XmlBeanDefinitionReader]Loading XML bean definitions from class path resource [quartz-config.xml]
[INFO] [2018-01-26 14:32:06][org.quartz.impl.StdSchedulerFactory]Using default implementation for ThreadExecutor
[INFO] [2018-01-26 14:32:06][org.quartz.core.SchedulerSignalerImpl]Initialized Scheduler Signaller of type: class org.quartz.core.SchedulerSignalerImpl
[INFO] [2018-01-26 14:32:06][org.quartz.core.QuartzScheduler]Quartz Scheduler v.2.2.1 created.
[INFO] [2018-01-26 14:32:06][org.quartz.simpl.RAMJobStore]RAMJobStore initialized.
[INFO] [2018-01-26 14:32:06][org.quartz.core.QuartzScheduler]Scheduler meta-data: Quartz Scheduler (v2.2.1) 'startQuertz' with instanceId 'NON_CLUSTERED'
  Scheduler class: 'org.quartz.core.QuartzScheduler' - running locally.
  NOT STARTED.
  Currently in standby mode.
  Number of jobs executed: 0
  Using thread pool 'org.quartz.simpl.SimpleThreadPool' - with 10 threads.
  Using job-store 'org.quartz.simpl.RAMJobStore' - which does not support persistence. and is not clustered.

[INFO] [2018-01-26 14:32:06][org.quartz.impl.StdSchedulerFactory]Quartz scheduler 'startQuertz' initialized from an externally provided properties instance.
[INFO] [2018-01-26 14:32:06][org.quartz.impl.StdSchedulerFactory]Quartz scheduler version: 2.2.1
[INFO] [2018-01-26 14:32:06][org.quartz.core.QuartzScheduler]JobFactory set to: org.springframework.scheduling.quartz.AdaptableJobFactory@516be40f
[INFO] [2018-01-26 14:32:06][org.springframework.context.support.DefaultLifecycleProcessor]Starting beans in phase 2147483647
[INFO] [2018-01-26 14:32:06][org.springframework.scheduling.quartz.SchedulerFactoryBean]Starting Quartz Scheduler now
[INFO] [2018-01-26 14:32:06][org.quartz.core.QuartzScheduler]Scheduler startQuertz_$_NON_CLUSTERED started.
[INFO] [2018-01-26 14:32:58][org.springframework.context.support.ClassPathXmlApplicationContext]Refreshing org.springframework.context.support.ClassPathXmlApplicationContext@65ae6ba4: startup date [Fri Jan 26 14:32:58 CST 2018]; root of context hierarchy
[INFO] [2018-01-26 14:32:58][org.springframework.beans.factory.xml.XmlBeanDefinitionReader]Loading XML bean definitions from class path resource [quartz-config.xml]
[INFO] [2018-01-26 14:32:59][org.quartz.impl.StdSchedulerFactory]Using default implementation for ThreadExecutor
[INFO] [2018-01-26 14:32:59][org.quartz.core.SchedulerSignalerImpl]Initialized Scheduler Signaller of type: class org.quartz.core.SchedulerSignalerImpl
[INFO] [2018-01-26 14:32:59][org.quartz.core.QuartzScheduler]Quartz Scheduler v.2.2.1 created.
[INFO] [2018-01-26 14:32:59][org.quartz.simpl.RAMJobStore]RAMJobStore initialized.
[INFO] [2018-01-26 14:32:59][org.quartz.core.QuartzScheduler]Scheduler meta-data: Quartz Scheduler (v2.2.1) 'startQuertz' with instanceId 'NON_CLUSTERED'
  Scheduler class: 'org.quartz.core.QuartzScheduler' - running locally.
  NOT STARTED.
  Currently in standby mode.
  Number of jobs executed: 0
  Using thread pool 'org.quartz.simpl.SimpleThreadPool' - with 10 threads.
  Using job-store 'org.quartz.simpl.RAMJobStore' - which does not support persistence. and is not clustered.

[INFO] [2018-01-26 14:32:59][org.quartz.impl.StdSchedulerFactory]Quartz scheduler 'startQuertz' initialized from an externally provided properties instance.
[INFO] [2018-01-26 14:32:59][org.quartz.impl.StdSchedulerFactory]Quartz scheduler version: 2.2.1
[INFO] [2018-01-26 14:32:59][org.quartz.core.QuartzScheduler]JobFactory set to: org.springframework.scheduling.quartz.AdaptableJobFactory@516be40f
[INFO] [2018-01-26 14:32:59][org.springframework.context.support.DefaultLifecycleProcessor]Starting beans in phase 2147483647
[INFO] [2018-01-26 14:32:59][org.springframework.scheduling.quartz.SchedulerFactoryBean]Starting Quartz Scheduler now
[INFO] [2018-01-26 14:32:59][org.quartz.core.QuartzScheduler]Scheduler startQuertz_$_NON_CLUSTERED started.
[INFO] [2018-01-26 14:34:22][org.springframework.context.support.ClassPathXmlApplicationContext]Refreshing org.springframework.context.support.ClassPathXmlApplicationContext@65ae6ba4: startup date [Fri Jan 26 14:34:22 CST 2018]; root of context hierarchy
[INFO] [2018-01-26 14:34:22][org.springframework.beans.factory.xml.XmlBeanDefinitionReader]Loading XML bean definitions from class path resource [quartz-config.xml]
[INFO] [2018-01-26 14:36:13][org.springframework.context.support.ClassPathXmlApplicationContext]Refreshing org.springframework.context.support.ClassPathXmlApplicationContext@65ae6ba4: startup date [Fri Jan 26 14:36:13 CST 2018]; root of context hierarchy
[INFO] [2018-01-26 14:36:13][org.springframework.beans.factory.xml.XmlBeanDefinitionReader]Loading XML bean definitions from class path resource [quartz-config.xml]
[INFO] [2018-01-26 14:36:14][org.quartz.impl.StdSchedulerFactory]Using default implementation for ThreadExecutor
[INFO] [2018-01-26 14:36:14][org.quartz.core.SchedulerSignalerImpl]Initialized Scheduler Signaller of type: class org.quartz.core.SchedulerSignalerImpl
[INFO] [2018-01-26 14:36:14][org.quartz.core.QuartzScheduler]Quartz Scheduler v.2.2.1 created.
[INFO] [2018-01-26 14:36:14][org.quartz.simpl.RAMJobStore]RAMJobStore initialized.
[INFO] [2018-01-26 14:36:14][org.quartz.core.QuartzScheduler]Scheduler meta-data: Quartz Scheduler (v2.2.1) 'startQuertz' with instanceId 'NON_CLUSTERED'
  Scheduler class: 'org.quartz.core.QuartzScheduler' - running locally.
  NOT STARTED.
  Currently in standby mode.
  Number of jobs executed: 0
  Using thread pool 'org.quartz.simpl.SimpleThreadPool' - with 10 threads.
  Using job-store 'org.quartz.simpl.RAMJobStore' - which does not support persistence. and is not clustered.

[INFO] [2018-01-26 14:36:14][org.quartz.impl.StdSchedulerFactory]Quartz scheduler 'startQuertz' initialized from an externally provided properties instance.
[INFO] [2018-01-26 14:36:14][org.quartz.impl.StdSchedulerFactory]Quartz scheduler version: 2.2.1
[INFO] [2018-01-26 14:36:14][org.quartz.core.QuartzScheduler]JobFactory set to: org.springframework.scheduling.quartz.AdaptableJobFactory@516be40f
[INFO] [2018-01-26 14:36:14][org.springframework.context.support.DefaultLifecycleProcessor]Starting beans in phase 2147483647
[INFO] [2018-01-26 14:36:14][org.springframework.scheduling.quartz.SchedulerFactoryBean]Starting Quartz Scheduler now
[INFO] [2018-01-26 14:36:14][org.quartz.core.QuartzScheduler]Scheduler startQuertz_$_NON_CLUSTERED started.
[INFO] [2018-01-26 14:41:26][org.springframework.context.support.ClassPathXmlApplicationContext]Refreshing org.springframework.context.support.ClassPathXmlApplicationContext@65ae6ba4: startup date [Fri Jan 26 14:41:26 CST 2018]; root of context hierarchy
[INFO] [2018-01-26 14:41:26][org.springframework.beans.factory.xml.XmlBeanDefinitionReader]Loading XML bean definitions from class path resource [quartz-config.xml]
[INFO] [2018-01-26 14:41:27][org.quartz.impl.StdSchedulerFactory]Using default implementation for ThreadExecutor
[INFO] [2018-01-26 14:41:27][org.quartz.core.SchedulerSignalerImpl]Initialized Scheduler Signaller of type: class org.quartz.core.SchedulerSignalerImpl
[INFO] [2018-01-26 14:41:27][org.quartz.core.QuartzScheduler]Quartz Scheduler v.2.2.1 created.
[INFO] [2018-01-26 14:41:27][org.quartz.simpl.RAMJobStore]RAMJobStore initialized.
[INFO] [2018-01-26 14:41:27][org.quartz.core.QuartzScheduler]Scheduler meta-data: Quartz Scheduler (v2.2.1) 'startQuertz' with instanceId 'NON_CLUSTERED'
  Scheduler class: 'org.quartz.core.QuartzScheduler' - running locally.
  NOT STARTED.
  Currently in standby mode.
  Number of jobs executed: 0
  Using thread pool 'org.quartz.simpl.SimpleThreadPool' - with 10 threads.
  Using job-store 'org.quartz.simpl.RAMJobStore' - which does not support persistence. and is not clustered.

[INFO] [2018-01-26 14:41:27][org.quartz.impl.StdSchedulerFactory]Quartz scheduler 'startQuertz' initialized from an externally provided properties instance.
[INFO] [2018-01-26 14:41:27][org.quartz.impl.StdSchedulerFactory]Quartz scheduler version: 2.2.1
[INFO] [2018-01-26 14:41:27][org.quartz.core.QuartzScheduler]JobFactory set to: org.springframework.scheduling.quartz.AdaptableJobFactory@516be40f
[INFO] [2018-01-26 14:41:27][org.springframework.context.support.DefaultLifecycleProcessor]Starting beans in phase 2147483647
[INFO] [2018-01-26 14:41:27][org.springframework.scheduling.quartz.SchedulerFactoryBean]Starting Quartz Scheduler now
[INFO] [2018-01-26 14:41:27][org.quartz.core.QuartzScheduler]Scheduler startQuertz_$_NON_CLUSTERED started.
[INFO] [2018-01-26 14:48:58][org.springframework.context.support.ClassPathXmlApplicationContext]Refreshing org.springframework.context.support.ClassPathXmlApplicationContext@65ae6ba4: startup date [Fri Jan 26 14:48:58 CST 2018]; root of context hierarchy
[INFO] [2018-01-26 14:48:58][org.springframework.beans.factory.xml.XmlBeanDefinitionReader]Loading XML bean definitions from class path resource [quartz-config.xml]
[INFO] [2018-01-26 14:49:00][org.quartz.impl.StdSchedulerFactory]Using default implementation for ThreadExecutor
[INFO] [2018-01-26 14:49:00][org.quartz.core.SchedulerSignalerImpl]Initialized Scheduler Signaller of type: class org.quartz.core.SchedulerSignalerImpl
[INFO] [2018-01-26 14:49:00][org.quartz.core.QuartzScheduler]Quartz Scheduler v.2.2.1 created.
[INFO] [2018-01-26 14:49:00][org.quartz.simpl.RAMJobStore]RAMJobStore initialized.
[INFO] [2018-01-26 14:49:00][org.quartz.core.QuartzScheduler]Scheduler meta-data: Quartz Scheduler (v2.2.1) 'startQuertz' with instanceId 'NON_CLUSTERED'
  Scheduler class: 'org.quartz.core.QuartzScheduler' - running locally.
  NOT STARTED.
  Currently in standby mode.
  Number of jobs executed: 0
  Using thread pool 'org.quartz.simpl.SimpleThreadPool' - with 10 threads.
  Using job-store 'org.quartz.simpl.RAMJobStore' - which does not support persistence. and is not clustered.

[INFO] [2018-01-26 14:49:00][org.quartz.impl.StdSchedulerFactory]Quartz scheduler 'startQuertz' initialized from an externally provided properties instance.
[INFO] [2018-01-26 14:49:00][org.quartz.impl.StdSchedulerFactory]Quartz scheduler version: 2.2.1
[INFO] [2018-01-26 14:49:00][org.quartz.core.QuartzScheduler]JobFactory set to: org.springframework.scheduling.quartz.AdaptableJobFactory@516be40f
[INFO] [2018-01-26 14:49:00][org.springframework.context.support.DefaultLifecycleProcessor]Starting beans in phase 2147483647
[INFO] [2018-01-26 14:49:00][org.springframework.scheduling.quartz.SchedulerFactoryBean]Starting Quartz Scheduler now
[INFO] [2018-01-26 14:49:00][org.quartz.core.QuartzScheduler]Scheduler startQuertz_$_NON_CLUSTERED started.
[INFO] [2018-01-26 14:49:35][org.springframework.context.support.ClassPathXmlApplicationContext]Refreshing org.springframework.context.support.ClassPathXmlApplicationContext@65ae6ba4: startup date [Fri Jan 26 14:49:35 CST 2018]; root of context hierarchy
[INFO] [2018-01-26 14:49:35][org.springframework.beans.factory.xml.XmlBeanDefinitionReader]Loading XML bean definitions from class path resource [quartz-config.xml]
[INFO] [2018-01-26 14:49:36][org.quartz.impl.StdSchedulerFactory]Using default implementation for ThreadExecutor
[INFO] [2018-01-26 14:49:37][org.quartz.core.SchedulerSignalerImpl]Initialized Scheduler Signaller of type: class org.quartz.core.SchedulerSignalerImpl
[INFO] [2018-01-26 14:49:37][org.quartz.core.QuartzScheduler]Quartz Scheduler v.2.2.1 created.
[INFO] [2018-01-26 14:49:37][org.quartz.simpl.RAMJobStore]RAMJobStore initialized.
[INFO] [2018-01-26 14:49:37][org.quartz.core.QuartzScheduler]Scheduler meta-data: Quartz Scheduler (v2.2.1) 'startQuertz' with instanceId 'NON_CLUSTERED'
  Scheduler class: 'org.quartz.core.QuartzScheduler' - running locally.
  NOT STARTED.
  Currently in standby mode.
  Number of jobs executed: 0
  Using thread pool 'org.quartz.simpl.SimpleThreadPool' - with 10 threads.
  Using job-store 'org.quartz.simpl.RAMJobStore' - which does not support persistence. and is not clustered.

[INFO] [2018-01-26 14:49:37][org.quartz.impl.StdSchedulerFactory]Quartz scheduler 'startQuertz' initialized from an externally provided properties instance.
[INFO] [2018-01-26 14:49:37][org.quartz.impl.StdSchedulerFactory]Quartz scheduler version: 2.2.1
[INFO] [2018-01-26 14:49:37][org.quartz.core.QuartzScheduler]JobFactory set to: org.springframework.scheduling.quartz.AdaptableJobFactory@516be40f
[INFO] [2018-01-26 14:49:37][org.springframework.context.support.DefaultLifecycleProcessor]Starting beans in phase 2147483647
[INFO] [2018-01-26 14:49:37][org.springframework.scheduling.quartz.SchedulerFactoryBean]Starting Quartz Scheduler now
[INFO] [2018-01-26 14:49:37][org.quartz.core.QuartzScheduler]Scheduler startQuertz_$_NON_CLUSTERED started.
[INFO] [2018-01-26 14:51:04][org.springframework.context.support.ClassPathXmlApplicationContext]Refreshing org.springframework.context.support.ClassPathXmlApplicationContext@65ae6ba4: startup date [Fri Jan 26 14:51:04 CST 2018]; root of context hierarchy
[INFO] [2018-01-26 14:51:04][org.springframework.beans.factory.xml.XmlBeanDefinitionReader]Loading XML bean definitions from class path resource [quartz-config.xml]
[INFO] [2018-01-26 14:51:05][org.quartz.impl.StdSchedulerFactory]Using default implementation for ThreadExecutor
[INFO] [2018-01-26 14:51:05][org.quartz.core.SchedulerSignalerImpl]Initialized Scheduler Signaller of type: class org.quartz.core.SchedulerSignalerImpl
[INFO] [2018-01-26 14:51:05][org.quartz.core.QuartzScheduler]Quartz Scheduler v.2.2.1 created.
[INFO] [2018-01-26 14:51:05][org.quartz.simpl.RAMJobStore]RAMJobStore initialized.
[INFO] [2018-01-26 14:51:05][org.quartz.core.QuartzScheduler]Scheduler meta-data: Quartz Scheduler (v2.2.1) 'startQuertz' with instanceId 'NON_CLUSTERED'
  Scheduler class: 'org.quartz.core.QuartzScheduler' - running locally.
  NOT STARTED.
  Currently in standby mode.
  Number of jobs executed: 0
  Using thread pool 'org.quartz.simpl.SimpleThreadPool' - with 10 threads.
  Using job-store 'org.quartz.simpl.RAMJobStore' - which does not support persistence. and is not clustered.

[INFO] [2018-01-26 14:51:05][org.quartz.impl.StdSchedulerFactory]Quartz scheduler 'startQuertz' initialized from an externally provided properties instance.
[INFO] [2018-01-26 14:51:05][org.quartz.impl.StdSchedulerFactory]Quartz scheduler version: 2.2.1
[INFO] [2018-01-26 14:51:05][org.quartz.core.QuartzScheduler]JobFactory set to: org.springframework.scheduling.quartz.AdaptableJobFactory@646be2c3
[INFO] [2018-01-26 14:51:05][org.springframework.context.support.DefaultLifecycleProcessor]Starting beans in phase 2147483647
[INFO] [2018-01-26 14:51:05][org.springframework.scheduling.quartz.SchedulerFactoryBean]Starting Quartz Scheduler now
[INFO] [2018-01-26 14:51:05][org.quartz.core.QuartzScheduler]Scheduler startQuertz_$_NON_CLUSTERED started.
[INFO] [2018-01-26 14:54:29][org.springframework.context.support.ClassPathXmlApplicationContext]Refreshing org.springframework.context.support.ClassPathXmlApplicationContext@65ae6ba4: startup date [Fri Jan 26 14:54:29 CST 2018]; root of context hierarchy
[INFO] [2018-01-26 14:54:29][org.springframework.beans.factory.xml.XmlBeanDefinitionReader]Loading XML bean definitions from class path resource [quartz-config.xml]
[INFO] [2018-01-26 14:54:30][org.quartz.impl.StdSchedulerFactory]Using default implementation for ThreadExecutor
[INFO] [2018-01-26 14:54:30][org.quartz.core.SchedulerSignalerImpl]Initialized Scheduler Signaller of type: class org.quartz.core.SchedulerSignalerImpl
[INFO] [2018-01-26 14:54:30][org.quartz.core.QuartzScheduler]Quartz Scheduler v.2.2.1 created.
[INFO] [2018-01-26 14:54:30][org.quartz.simpl.RAMJobStore]RAMJobStore initialized.
[INFO] [2018-01-26 14:54:30][org.quartz.core.QuartzScheduler]Scheduler meta-data: Quartz Scheduler (v2.2.1) 'startQuertz' with instanceId 'NON_CLUSTERED'
  Scheduler class: 'org.quartz.core.QuartzScheduler' - running locally.
  NOT STARTED.
  Currently in standby mode.
  Number of jobs executed: 0
  Using thread pool 'org.quartz.simpl.SimpleThreadPool' - with 10 threads.
  Using job-store 'org.quartz.simpl.RAMJobStore' - which does not support persistence. and is not clustered.

[INFO] [2018-01-26 14:54:30][org.quartz.impl.StdSchedulerFactory]Quartz scheduler 'startQuertz' initialized from an externally provided properties instance.
[INFO] [2018-01-26 14:54:30][org.quartz.impl.StdSchedulerFactory]Quartz scheduler version: 2.2.1
[INFO] [2018-01-26 14:54:30][org.quartz.core.QuartzScheduler]JobFactory set to: org.springframework.scheduling.quartz.AdaptableJobFactory@516be40f
[INFO] [2018-01-26 14:54:30][org.springframework.context.support.DefaultLifecycleProcessor]Starting beans in phase 2147483647
[INFO] [2018-01-26 14:54:30][org.springframework.scheduling.quartz.SchedulerFactoryBean]Starting Quartz Scheduler now
[INFO] [2018-01-26 14:54:30][org.quartz.core.QuartzScheduler]Scheduler startQuertz_$_NON_CLUSTERED started.
[INFO] [2018-01-26 14:54:55][org.springframework.context.support.ClassPathXmlApplicationContext]Refreshing org.springframework.context.support.ClassPathXmlApplicationContext@65ae6ba4: startup date [Fri Jan 26 14:54:55 CST 2018]; root of context hierarchy
[INFO] [2018-01-26 14:54:55][org.springframework.beans.factory.xml.XmlBeanDefinitionReader]Loading XML bean definitions from class path resource [quartz-config.xml]
[INFO] [2018-01-26 14:54:56][org.quartz.impl.StdSchedulerFactory]Using default implementation for ThreadExecutor
[INFO] [2018-01-26 14:54:56][org.quartz.core.SchedulerSignalerImpl]Initialized Scheduler Signaller of type: class org.quartz.core.SchedulerSignalerImpl
[INFO] [2018-01-26 14:54:56][org.quartz.core.QuartzScheduler]Quartz Scheduler v.2.2.1 created.
[INFO] [2018-01-26 14:54:56][org.quartz.simpl.RAMJobStore]RAMJobStore initialized.
[INFO] [2018-01-26 14:54:56][org.quartz.core.QuartzScheduler]Scheduler meta-data: Quartz Scheduler (v2.2.1) 'startQuertz' with instanceId 'NON_CLUSTERED'
  Scheduler class: 'org.quartz.core.QuartzScheduler' - running locally.
  NOT STARTED.
  Currently in standby mode.
  Number of jobs executed: 0
  Using thread pool 'org.quartz.simpl.SimpleThreadPool' - with 10 threads.
  Using job-store 'org.quartz.simpl.RAMJobStore' - which does not support persistence. and is not clustered.

[INFO] [2018-01-26 14:54:56][org.quartz.impl.StdSchedulerFactory]Quartz scheduler 'startQuertz' initialized from an externally provided properties instance.
[INFO] [2018-01-26 14:54:56][org.quartz.impl.StdSchedulerFactory]Quartz scheduler version: 2.2.1
[INFO] [2018-01-26 14:54:56][org.quartz.core.QuartzScheduler]JobFactory set to: org.springframework.scheduling.quartz.AdaptableJobFactory@516be40f
[INFO] [2018-01-26 14:54:56][org.springframework.context.support.DefaultLifecycleProcessor]Starting beans in phase 2147483647
[INFO] [2018-01-26 14:54:56][org.springframework.scheduling.quartz.SchedulerFactoryBean]Starting Quartz Scheduler now
[INFO] [2018-01-26 14:54:56][org.quartz.core.QuartzScheduler]Scheduler startQuertz_$_NON_CLUSTERED started.
[INFO] [2018-01-26 14:58:24][org.springframework.context.support.ClassPathXmlApplicationContext]Refreshing org.springframework.context.support.ClassPathXmlApplicationContext@65ae6ba4: startup date [Fri Jan 26 14:58:24 CST 2018]; root of context hierarchy
[INFO] [2018-01-26 14:58:24][org.springframework.beans.factory.xml.XmlBeanDefinitionReader]Loading XML bean definitions from class path resource [quartz-config.xml]
[INFO] [2018-01-26 15:03:29][org.springframework.context.support.ClassPathXmlApplicationContext]Refreshing org.springframework.context.support.ClassPathXmlApplicationContext@65ae6ba4: startup date [Fri Jan 26 15:03:29 CST 2018]; root of context hierarchy
[INFO] [2018-01-26 15:03:29][org.springframework.beans.factory.xml.XmlBeanDefinitionReader]Loading XML bean definitions from class path resource [quartz-config.xml]
[INFO] [2018-01-26 15:03:30][org.quartz.impl.StdSchedulerFactory]Using default implementation for ThreadExecutor
[INFO] [2018-01-26 15:03:30][org.quartz.core.SchedulerSignalerImpl]Initialized Scheduler Signaller of type: class org.quartz.core.SchedulerSignalerImpl
[INFO] [2018-01-26 15:03:30][org.quartz.core.QuartzScheduler]Quartz Scheduler v.2.2.1 created.
[INFO] [2018-01-26 15:03:30][org.quartz.simpl.RAMJobStore]RAMJobStore initialized.
[INFO] [2018-01-26 15:03:30][org.quartz.core.QuartzScheduler]Scheduler meta-data: Quartz Scheduler (v2.2.1) 'startQuertz' with instanceId 'NON_CLUSTERED'
  Scheduler class: 'org.quartz.core.QuartzScheduler' - running locally.
  NOT STARTED.
  Currently in standby mode.
  Number of jobs executed: 0
  Using thread pool 'org.quartz.simpl.SimpleThreadPool' - with 10 threads.
  Using job-store 'org.quartz.simpl.RAMJobStore' - which does not support persistence. and is not clustered.

[INFO] [2018-01-26 15:03:30][org.quartz.impl.StdSchedulerFactory]Quartz scheduler 'startQuertz' initialized from an externally provided properties instance.
[INFO] [2018-01-26 15:03:30][org.quartz.impl.StdSchedulerFactory]Quartz scheduler version: 2.2.1
[INFO] [2018-01-26 15:03:30][org.quartz.core.QuartzScheduler]JobFactory set to: org.springframework.scheduling.quartz.AdaptableJobFactory@516be40f
[INFO] [2018-01-26 15:03:30][org.springframework.context.support.DefaultLifecycleProcessor]Starting beans in phase 2147483647
[INFO] [2018-01-26 15:03:30][org.springframework.scheduling.quartz.SchedulerFactoryBean]Starting Quartz Scheduler now
[INFO] [2018-01-26 15:03:30][org.quartz.core.QuartzScheduler]Scheduler startQuertz_$_NON_CLUSTERED started.
